TN:
SF:/Users/mackbrowne/Work/beehive/imports/api/payroll/methods.js
FN:29,(anonymous_0)
FN:39,(anonymous_1)
FN:42,(anonymous_2)
FN:45,(anonymous_3)
FN:48,(anonymous_4)
FN:67,(anonymous_5)
FN:68,(anonymous_6)
FNF:7
FNH:5
FNDA:3,(anonymous_0)
FNDA:2,(anonymous_1)
FNDA:3,(anonymous_2)
FNDA:6,(anonymous_3)
FNDA:3,(anonymous_4)
FNDA:0,(anonymous_5)
FNDA:0,(anonymous_6)
DA:12,1
DA:17,1
DA:21,1
DA:27,1
DA:31,3
DA:32,3
DA:33,3
DA:34,2
DA:36,1
DA:40,2
DA:42,3
DA:45,6
DA:48,3
DA:62,1
DA:64,1
DA:65,1
DA:67,0
DA:68,0
LF:18
LH:16
BRDA:33,0,0,2
BRDA:33,0,1,1
BRDA:64,1,0,1
BRDA:64,1,1,0
BRF:4
BRH:3
end_of_record
TN:
SF:/Users/mackbrowne/Work/beehive/imports/api/timesheets/collection.js
FN:7,(anonymous_0)
FNF:1
FNH:1
FNDA:5,(anonymous_0)
DA:9,5
DA:11,5
DA:12,4
DA:16,3
LF:4
LH:4
BRF:0
BRH:0
end_of_record
TN:
SF:/Users/mackbrowne/Work/beehive/imports/api/timesheets/methods.js
FN:44,(anonymous_0)
FN:61,(anonymous_1)
FN:62,(anonymous_2)
FNF:3
FNH:1
FNDA:4,(anonymous_0)
FNDA:0,(anonymous_1)
FNDA:0,(anonymous_2)
DA:15,1
DA:19,1
DA:23,1
DA:29,4
DA:30,4
DA:31,1
DA:36,3
DA:37,3
DA:39,3
DA:40,3
DA:41,1
DA:44,2
DA:45,4
DA:56,1
DA:58,1
DA:59,1
DA:61,0
DA:62,0
LF:18
LH:16
BRDA:30,0,0,1
BRDA:30,0,1,3
BRDA:40,1,0,1
BRDA:40,1,1,2
BRDA:58,2,0,1
BRDA:58,2,1,0
BRF:6
BRH:5
end_of_record
TN:
SF:/Users/mackbrowne/Work/beehive/imports/startup/client/index.js
FN:17,_interopRequireDefault
FN:26,renderApp
FN:34,(anonymous_2)
FNF:3
FNH:0
FNDA:0,_interopRequireDefault
FNDA:0,renderApp
FNDA:0,(anonymous_2)
DA:2,0
DA:3,0
DA:4,0
DA:5,0
DA:6,0
DA:9,0
DA:10,0
DA:13,0
DA:14,0
DA:17,0
DA:21,0
DA:26,0
DA:34,0
DA:36,0
DA:38,0
LF:15
LH:0
BRDA:17,0,0,0
BRDA:17,0,1,0
BRDA:17,1,0,0
BRDA:17,1,1,0
BRF:4
BRH:0
end_of_record
TN:
SF:/Users/mackbrowne/Work/beehive/imports/startup/server/index.js
FNF:0
FNH:0
DA:1,0
LF:1
LH:0
BRF:0
BRH:0
end_of_record
TN:
SF:/Users/mackbrowne/Work/beehive/imports/startup/server/registerApis.js
FNF:0
FNH:0
DA:1,0
DA:2,0
DA:4,0
LF:3
LH:0
BRF:0
BRH:0
end_of_record
TN:
SF:/Users/mackbrowne/Work/beehive/imports/ui/configureStore.js
FN:12,_interopRequireDefault
FN:14,combinedSagas
FN:21,registerSagas
FN:31,configureStore
FN:43,(anonymous_4)
FNF:5
FNH:0
FNDA:0,_interopRequireDefault
FNDA:0,combinedSagas
FNDA:0,registerSagas
FNDA:0,configureStore
FNDA:0,(anonymous_4)
DA:1,0
DA:2,0
DA:3,0
DA:6,0
DA:9,0
DA:10,0
DA:11,0
DA:12,0
DA:14,0
DA:21,0
DA:31,0
DA:33,0
DA:35,0
DA:37,0
DA:39,0
DA:40,0
DA:41,0
DA:43,0
DA:45,0
DA:47,0
DA:50,0
DA:51,0
DA:52,0
LF:23
LH:0
BRDA:12,0,0,0
BRDA:12,0,1,0
BRDA:12,1,0,0
BRDA:12,1,1,0
BRDA:40,2,0,0
BRDA:40,2,1,0
BRDA:43,3,0,0
BRDA:43,3,1,0
BRF:8
BRH:0
end_of_record
TN:
SF:/Users/mackbrowne/Work/beehive/imports/ui/rootReducer.js
FN:4,_interopRequireDefault
FNF:1
FNH:0
FNDA:0,_interopRequireDefault
DA:1,0
DA:3,0
DA:4,0
DA:6,0
DA:11,0
LF:5
LH:0
BRDA:4,0,0,0
BRDA:4,0,1,0
BRDA:4,1,0,0
BRDA:4,1,1,0
BRF:4
BRH:0
end_of_record
TN:
SF:/Users/mackbrowne/Work/beehive/imports/ui/actionCreators/generic/init.js
FN:5,initAppRequest
FNF:1
FNH:0
FNDA:0,initAppRequest
DA:1,0
DA:2,0
DA:5,0
DA:7,0
LF:4
LH:0
BRF:0
BRH:0
end_of_record
TN:
SF:/Users/mackbrowne/Work/beehive/imports/ui/actionCreators/payroll/fetchPayrollRequest.js
FN:5,(anonymous_0)
FNF:1
FNH:1
FNDA:2,(anonymous_0)
DA:5,2
LF:1
LH:1
BRF:0
BRH:0
end_of_record
TN:
SF:/Users/mackbrowne/Work/beehive/imports/ui/actionCreators/payroll/payrollReceived.js
FN:5,(anonymous_0)
FNF:1
FNH:1
FNDA:2,(anonymous_0)
DA:5,1
DA:6,2
LF:2
LH:2
BRF:0
BRH:0
end_of_record
TN:
SF:/Users/mackbrowne/Work/beehive/imports/ui/actionCreators/payroll/payrollRequestFailed.js
FN:5,(anonymous_0)
FNF:1
FNH:1
FNDA:2,(anonymous_0)
DA:5,1
DA:6,2
LF:2
LH:2
BRF:0
BRH:0
end_of_record
TN:
SF:/Users/mackbrowne/Work/beehive/imports/ui/actionCreators/timesheets/createTimesheetFailed.js
FN:5,(anonymous_0)
FNF:1
FNH:1
FNDA:2,(anonymous_0)
DA:5,2
LF:1
LH:1
BRF:0
BRH:0
end_of_record
TN:
SF:/Users/mackbrowne/Work/beehive/imports/ui/actionCreators/timesheets/createTimesheetRequest.js
FN:5,(anonymous_0)
FNF:1
FNH:0
FNDA:0,(anonymous_0)
DA:5,1
LF:1
LH:1
BRF:0
BRH:0
end_of_record
TN:
SF:/Users/mackbrowne/Work/beehive/imports/ui/actionCreators/timesheets/createTimesheetSuccessful.js
FN:5,(anonymous_0)
FNF:1
FNH:0
FNDA:0,(anonymous_0)
DA:5,1
LF:1
LH:1
BRF:0
BRH:0
end_of_record
TN:
SF:/Users/mackbrowne/Work/beehive/imports/ui/actionCreators/timesheets/dismissTimesheetError.js
FN:5,(anonymous_0)
FNF:1
FNH:0
FNDA:0,(anonymous_0)
DA:5,1
DA:6,0
LF:2
LH:1
BRF:0
BRH:0
end_of_record
TN:
SF:/Users/mackbrowne/Work/beehive/imports/ui/actionCreators/timesheets/fetchTimesheetsRequest.js
FN:5,(anonymous_0)
FNF:1
FNH:1
FNDA:2,(anonymous_0)
DA:5,2
LF:1
LH:1
BRF:0
BRH:0
end_of_record
TN:
SF:/Users/mackbrowne/Work/beehive/imports/ui/actionCreators/timesheets/timesheetsReceived.js
FN:5,(anonymous_0)
FNF:1
FNH:1
FNDA:2,(anonymous_0)
DA:5,1
DA:6,2
LF:2
LH:2
BRF:0
BRH:0
end_of_record
TN:
SF:/Users/mackbrowne/Work/beehive/imports/ui/actionCreators/timesheets/timesheetsRequestFailed.js
FN:5,(anonymous_0)
FNF:1
FNH:1
FNDA:2,(anonymous_0)
DA:5,1
DA:6,2
LF:2
LH:2
BRF:0
BRH:0
end_of_record
TN:
SF:/Users/mackbrowne/Work/beehive/imports/ui/actionTypes/generic.js
FNF:0
FNH:0
DA:1,1
LF:1
LH:1
BRF:0
BRH:0
end_of_record
TN:
SF:/Users/mackbrowne/Work/beehive/imports/ui/actionTypes/payroll.js
FNF:0
FNH:0
DA:1,3
DA:2,3
DA:3,3
LF:3
LH:3
BRF:0
BRH:0
end_of_record
TN:
SF:/Users/mackbrowne/Work/beehive/imports/ui/actionTypes/timesheets.js
FNF:0
FNH:0
DA:1,6
DA:2,6
DA:3,6
DA:5,6
DA:7,6
DA:8,6
DA:10,6
LF:7
LH:7
BRF:0
BRH:0
end_of_record
TN:
SF:/Users/mackbrowne/Work/beehive/imports/ui/components/Config.jsx
FN:13,(anonymous_0)
FNF:1
FNH:1
FNDA:1,(anonymous_0)
DA:13,2
DA:14,1
LF:2
LH:2
BRF:0
BRH:0
end_of_record
TN:
SF:/Users/mackbrowne/Work/beehive/imports/ui/components/Home.jsx
FN:19,(anonymous_0)
FNF:1
FNH:1
FNDA:1,(anonymous_0)
DA:19,3
DA:26,1
LF:2
LH:2
BRDA:21,0,0,1
BRDA:22,1,0,1
BRDA:23,2,0,1
BRDA:24,3,0,1
BRF:4
BRH:4
end_of_record
TN:
SF:/Users/mackbrowne/Work/beehive/imports/ui/components/Navigation.jsx
FN:15,(anonymous_0)
FN:21,(anonymous_1)
FNF:2
FNH:2
FNDA:3,(anonymous_0)
FNDA:4,(anonymous_1)
DA:15,2
DA:18,3
DA:22,4
LF:3
LH:3
BRDA:16,0,0,1
BRF:1
BRH:1
end_of_record
TN:
SF:/Users/mackbrowne/Work/beehive/imports/ui/components/NavigationItem.jsx
FN:11,(anonymous_0)
FNF:1
FNH:1
FNDA:6,(anonymous_0)
DA:11,3
DA:15,6
LF:2
LH:2
BRDA:12,0,0,1
BRDA:13,1,0,1
BRF:2
BRH:2
end_of_record
TN:
SF:/Users/mackbrowne/Work/beehive/imports/ui/components/NotFound.jsx
FN:7,(anonymous_0)
FNF:1
FNH:1
FNDA:2,(anonymous_0)
DA:7,2
DA:8,2
LF:2
LH:2
BRF:0
BRH:0
end_of_record
TN:
SF:/Users/mackbrowne/Work/beehive/imports/ui/components/Timesheets.jsx
FN:19,(anonymous_0)
FN:29,(anonymous_1)
FNF:2
FNH:2
FNDA:6,(anonymous_0)
FNDA:2,(anonymous_1)
DA:19,2
DA:29,6
DA:31,6
LF:3
LH:3
BRDA:20,0,0,6
BRDA:21,1,0,6
BRDA:22,2,0,1
BRDA:24,3,0,6
BRDA:27,4,0,6
BRDA:29,5,0,1
BRDA:29,5,1,1
BRF:7
BRH:7
end_of_record
TN:
SF:/Users/mackbrowne/Work/beehive/imports/ui/containers/ConfigContainer.jsx
FN:10,(anonymous_0)
FN:15,(anonymous_1)
FNF:2
FNH:0
FNDA:0,(anonymous_0)
FNDA:0,(anonymous_1)
DA:10,1
DA:11,0
DA:15,1
DA:16,0
DA:23,1
LF:5
LH:3
BRF:0
BRH:0
end_of_record
TN:
SF:/Users/mackbrowne/Work/beehive/imports/ui/containers/HomeContainer.jsx
FN:10,(anonymous_0)
FN:17,(anonymous_1)
FNF:2
FNH:1
FNDA:1,(anonymous_0)
FNDA:0,(anonymous_1)
DA:10,2
DA:11,1
DA:17,2
DA:18,0
DA:25,2
LF:5
LH:4
BRF:0
BRH:0
end_of_record
TN:
SF:/Users/mackbrowne/Work/beehive/imports/ui/containers/TimesheetsContainer.jsx
FN:16,(anonymous_0)
FN:24,(anonymous_1)
FNF:2
FNH:0
FNDA:0,(anonymous_0)
FNDA:0,(anonymous_1)
DA:16,1
DA:17,0
DA:24,1
DA:25,0
DA:36,1
LF:5
LH:3
BRF:0
BRH:0
end_of_record
TN:
SF:/Users/mackbrowne/Work/beehive/imports/ui/helpers/format.jsx
FN:4,(anonymous_0)
FN:6,(anonymous_1)
FN:10,(anonymous_2)
FNF:3
FNH:0
FNDA:0,(anonymous_0)
FNDA:0,(anonymous_1)
FNDA:0,(anonymous_2)
DA:4,4
DA:6,4
DA:10,4
LF:3
LH:3
BRF:0
BRH:0
end_of_record
TN:
SF:/Users/mackbrowne/Work/beehive/imports/ui/helpers/sort.js
FN:1,(anonymous_0)
FNF:1
FNH:0
FNDA:0,(anonymous_0)
DA:1,3
DA:2,0
DA:3,0
DA:5,0
LF:4
LH:1
BRDA:2,0,0,0
BRDA:2,0,1,0
BRF:2
BRH:0
end_of_record
TN:
SF:/Users/mackbrowne/Work/beehive/imports/ui/layouts/AppLayout.jsx
FN:25,(anonymous_0)
FNF:1
FNH:1
FNDA:1,(anonymous_0)
DA:14,1
DA:25,1
DA:26,1
LF:3
LH:3
BRF:0
BRH:0
end_of_record
TN:
SF:/Users/mackbrowne/Work/beehive/imports/ui/reducers/payroll.js
FN:16,PayrollReducer
FNF:1
FNH:0
FNDA:0,PayrollReducer
DA:1,0
DA:2,0
DA:9,0
DA:16,0
DA:18,0
DA:23,0
DA:29,0
DA:31,0
LF:8
LH:0
BRDA:16,0,0,0
BRDA:16,0,1,0
BRDA:16,1,0,0
BRDA:16,1,1,0
BRDA:16,2,0,0
BRDA:16,2,1,0
BRDA:16,2,2,0
BRDA:16,2,3,0
BRF:8
BRH:0
end_of_record
TN:
SF:/Users/mackbrowne/Work/beehive/imports/ui/reducers/timesheets.js
FN:19,(anonymous_0)
FNF:1
FNH:1
FNDA:9,(anonymous_0)
DA:13,1
DA:19,1
DA:20,9
DA:22,1
DA:28,2
DA:33,0
DA:41,6
LF:7
LH:6
BRDA:19,0,0,1
BRDA:20,1,0,1
BRDA:20,1,1,1
BRDA:20,1,2,2
BRDA:20,1,3,0
BRDA:20,1,4,1
BRDA:20,1,5,2
BRDA:20,1,6,3
BRDA:20,1,7,6
BRF:9
BRH:8
end_of_record
TN:
SF:/Users/mackbrowne/Work/beehive/imports/ui/sagas/init.js
FN:12,initializeAsyncStateWorker
FN:18,initializeAsyncStateWatcher
FNF:2
FNH:2
FNDA:1,initializeAsyncStateWorker
FNDA:1,initializeAsyncStateWatcher
DA:13,1
DA:14,1
DA:19,1
LF:3
LH:3
BRF:0
BRH:0
end_of_record
TN:
SF:/Users/mackbrowne/Work/beehive/imports/ui/sagas/payroll/fetchPayroll.js
FN:13,fetchPayrollsWorker
FN:23,fetchPayrollsWatcher
FNF:2
FNH:2
FNDA:2,fetchPayrollsWorker
FNDA:1,fetchPayrollsWatcher
DA:14,2
DA:15,2
DA:16,1
DA:18,1
DA:24,1
LF:5
LH:5
BRF:0
BRH:0
end_of_record
TN:
SF:/Users/mackbrowne/Work/beehive/imports/ui/sagas/timesheets/createTimesheet.js
FN:18,createTimesheetWorker
FN:35,createTimesheetWatcher
FNF:2
FNH:2
FNDA:1,createTimesheetWorker
FNDA:1,createTimesheetWatcher
DA:19,1
DA:20,1
DA:21,0
DA:22,0
DA:25,0
DA:26,0
DA:27,0
DA:28,0
DA:30,1
DA:36,1
LF:10
LH:4
BRF:0
BRH:0
end_of_record
TN:
SF:/Users/mackbrowne/Work/beehive/imports/ui/sagas/timesheets/fetchTimesheets.js
FN:13,fetchTimesheetsWorker
FN:23,fetchTimesheetsWatcher
FNF:2
FNH:2
FNDA:2,fetchTimesheetsWorker
FNDA:1,fetchTimesheetsWatcher
DA:14,2
DA:15,2
DA:16,1
DA:18,1
DA:24,1
LF:5
LH:5
BRF:0
BRH:0
end_of_record
